mode: set
awesomeProject/Usecase/use_case_product.go:12.64,14.2 1 1
awesomeProject/Usecase/use_case_product.go:16.73,18.2 1 1
awesomeProject/Usecase/use_case_product.go:20.72,22.16 2 1
awesomeProject/Usecase/use_case_product.go:22.16,24.3 1 0
awesomeProject/Usecase/use_case_product.go:25.2,25.22 1 1
awesomeProject/Usecase/use_case_product.go:28.77,30.16 2 1
awesomeProject/Usecase/use_case_product.go:30.16,32.3 1 0
awesomeProject/Usecase/use_case_product.go:33.2,33.21 1 1
awesomeProject/Usecase/use_case_product.go:36.82,39.2 2 1
awesomeProject/Usecase/use_case_product.go:41.55,43.2 1 1
awesomeProject/Usecase/use_case_stock.go:12.58,14.2 1 1
awesomeProject/Usecase/use_case_stock.go:16.65,18.2 1 1
awesomeProject/Usecase/use_case_stock.go:20.74,23.2 2 1
awesomeProject/Usecase/use_case_stock.go:25.51,27.2 1 1
awesomeProject/Usecase/use_case_stock.go:29.70,31.16 2 1
awesomeProject/Usecase/use_case_stock.go:31.16,33.3 1 0
awesomeProject/Usecase/use_case_stock.go:34.2,34.20 1 1
awesomeProject/Usecase/use_case_stock.go:37.76,39.16 2 1
awesomeProject/Usecase/use_case_stock.go:39.16,41.3 1 0
awesomeProject/Usecase/use_case_stock.go:42.2,42.19 1 1
awesomeProject/Usecase/usecase.go:12.47,19.2 1 0
awesomeProject/Usecase/usecase_order.go:15.99,21.2 1 1
awesomeProject/Usecase/usecase_order.go:23.61,25.16 2 1
awesomeProject/Usecase/usecase_order.go:25.16,27.3 1 1
awesomeProject/Usecase/usecase_order.go:28.2,29.16 2 1
awesomeProject/Usecase/usecase_order.go:29.16,31.3 1 1
awesomeProject/Usecase/usecase_order.go:32.2,33.16 2 1
awesomeProject/Usecase/usecase_order.go:33.16,35.3 1 0
awesomeProject/Usecase/usecase_order.go:36.2,36.43 1 1
awesomeProject/Usecase/usecase_order.go:39.81,41.16 2 1
awesomeProject/Usecase/usecase_order.go:41.16,43.3 1 0
awesomeProject/Usecase/usecase_order.go:44.2,45.16 2 1
awesomeProject/Usecase/usecase_order.go:45.16,47.3 1 0
awesomeProject/Usecase/usecase_order.go:48.2,48.58 1 1
awesomeProject/Usecase/usecase_order.go:51.66,53.16 2 0
awesomeProject/Usecase/usecase_order.go:53.16,55.3 1 0
awesomeProject/Usecase/usecase_order.go:56.2,56.20 1 0
awesomeProject/Usecase/usecase_transaction.go:14.102,19.2 1 1
awesomeProject/Usecase/usecase_transaction.go:21.89,22.59 1 1
awesomeProject/Usecase/usecase_transaction.go:22.59,24.3 1 1
awesomeProject/Usecase/usecase_transaction.go:25.2,26.41 2 1
awesomeProject/Usecase/usecase_transaction.go:26.41,27.27 1 1
awesomeProject/Usecase/usecase_transaction.go:27.27,29.4 1 1
awesomeProject/Usecase/usecase_transaction.go:30.3,30.30 1 1
awesomeProject/Usecase/usecase_transaction.go:32.2,33.16 2 1
awesomeProject/Usecase/usecase_transaction.go:33.16,35.3 1 0
awesomeProject/Usecase/usecase_transaction.go:36.2,37.61 2 1
awesomeProject/Usecase/usecase_transaction.go:40.83,42.16 2 1
awesomeProject/Usecase/usecase_transaction.go:42.16,44.3 1 0
awesomeProject/Usecase/usecase_transaction.go:45.2,45.26 1 1
